0 info it worked if it ends with ok
1 verbose cli [ '/Users/tim/.nvm/versions/node/v4.4.3/bin/node',
1 verbose cli   '/Users/tim/.nvm/versions/node/v4.4.3/bin/npm',
1 verbose cli   'install',
1 verbose cli   '--ambient',
1 verbose cli   '@crypto-js' ]
2 info using npm@3.10.7
3 info using node@v4.4.3
4 silly loadCurrentTree Starting
5 silly install loadCurrentTree
6 silly install readLocalPackageData
7 silly fetchPackageMetaData @crypto-js
8 silly fetchOtherPackageData @crypto-js
9 silly cache add args [ '@crypto-js', null ]
10 verbose cache add spec @crypto-js
11 silly cache add parsed spec Result {
11 silly cache add   raw: '@crypto-js',
11 silly cache add   scope: null,
11 silly cache add   escapedName: null,
11 silly cache add   name: null,
11 silly cache add   rawSpec: '@crypto-js',
11 silly cache add   spec: '/Users/tim/node/typescript-api/@crypto-js',
11 silly cache add   type: 'local' }
12 error addLocal Could not install /Users/tim/node/typescript-api/@crypto-js
13 silly fetchPackageMetaData Error: ENOENT: no such file or directory, open '/Users/tim/node/typescript-api/@crypto-js'
13 silly fetchPackageMetaData     at Error (native)
13 silly fetchPackageMetaData  error for @crypto-js { [Error: ENOENT: no such file or directory, open '/Users/tim/node/typescript-api/@crypto-js']
13 silly fetchPackageMetaData   errno: -2,
13 silly fetchPackageMetaData   code: 'ENOENT',
13 silly fetchPackageMetaData   syscall: 'open',
13 silly fetchPackageMetaData   path: '/Users/tim/node/typescript-api/@crypto-js' }
14 silly rollbackFailedOptional Starting
15 silly rollbackFailedOptional Finishing
16 silly runTopLevelLifecycles Finishing
17 silly install printInstalled
18 verbose stack Error: ENOENT: no such file or directory, open '/Users/tim/node/typescript-api/@crypto-js'
18 verbose stack     at Error (native)
19 verbose cwd /Users/tim/node/typescript-api
20 error Darwin 14.5.0
21 error argv "/Users/tim/.nvm/versions/node/v4.4.3/bin/node" "/Users/tim/.nvm/versions/node/v4.4.3/bin/npm" "install" "--ambient" "@crypto-js"
22 error node v4.4.3
23 error npm  v3.10.7
24 error path /Users/tim/node/typescript-api/@crypto-js
25 error code ENOENT
26 error errno -2
27 error syscall open
28 error enoent ENOENT: no such file or directory, open '/Users/tim/node/typescript-api/@crypto-js'
29 error enoent ENOENT: no such file or directory, open '/Users/tim/node/typescript-api/@crypto-js'
29 error enoent This is most likely not a problem with npm itself
29 error enoent and is related to npm not being able to find a file.
30 verbose exit [ -2, true ]
